{"/Users/graceannsmith/Desktop/galactic-calculator/src/galactic-calculator.js": {"path":"/Users/graceannsmith/Desktop/galactic-calculator/src/galactic-calculator.js","statementMap":{"0":{"start":{"line":3,"column":6},"end":{"line":3,"column":21}},"1":{"start":{"line":4,"column":6},"end":{"line":4,"column":39}},"2":{"start":{"line":5,"column":6},"end":{"line":5,"column":43}}},"fnMap":{"0":{"name":"(anonymous_0)","decl":{"start":{"line":2,"column":4},"end":{"line":2,"column":5}},"loc":{"start":{"line":2,"column":51},"end":{"line":6,"column":5}},"line":2}},"branchMap":{},"s":{"0":2,"1":2,"2":2},"f":{"0":2},"b":{},"_coverageSchema":"1a1c01bbd47fc00a2c39e90264f33305004495a9","hash":"aeb34a41b26cf56050942e57679ac6e2646b2bec"}
}
