{"/Users/graceannsmith/Desktop/galactic-calculator/src/galactic-calculator.js": {"path":"/Users/graceannsmith/Desktop/galactic-calculator/src/galactic-calculator.js","statementMap":{"0":{"start":{"line":3,"column":6},"end":{"line":3,"column":47}},"1":{"start":{"line":4,"column":6},"end":{"line":4,"column":89}},"2":{"start":{"line":5,"column":6},"end":{"line":5,"column":93}},"3":{"start":{"line":8,"column":8},"end":{"line":14,"column":10}},"4":{"start":{"line":17,"column":23},"end":{"line":17,"column":52}},"5":{"start":{"line":18,"column":23},"end":{"line":18,"column":63}},"6":{"start":{"line":20,"column":4},"end":{"line":26,"column":6}},"7":{"start":{"line":29,"column":23},"end":{"line":29,"column":52}},"8":{"start":{"line":30,"column":23},"end":{"line":30,"column":63}},"9":{"start":{"line":32,"column":4},"end":{"line":38,"column":6}}},"fnMap":{"0":{"name":"(anonymous_0)","decl":{"start":{"line":2,"column":4},"end":{"line":2,"column":5}},"loc":{"start":{"line":2,"column":51},"end":{"line":6,"column":5}},"line":2},"1":{"name":"(anonymous_1)","decl":{"start":{"line":7,"column":4},"end":{"line":7,"column":5}},"loc":{"start":{"line":7,"column":29},"end":{"line":15,"column":3}},"line":7},"2":{"name":"(anonymous_2)","decl":{"start":{"line":16,"column":2},"end":{"line":16,"column":3}},"loc":{"start":{"line":16,"column":62},"end":{"line":27,"column":3}},"line":16},"3":{"name":"(anonymous_3)","decl":{"start":{"line":28,"column":2},"end":{"line":28,"column":3}},"loc":{"start":{"line":28,"column":62},"end":{"line":39,"column":3}},"line":28}},"branchMap":{},"s":{"0":1,"1":1,"2":1,"3":5,"4":1,"5":1,"6":1,"7":1,"8":1,"9":1},"f":{"0":1,"1":5,"2":1,"3":1},"b":{},"_coverageSchema":"1a1c01bbd47fc00a2c39e90264f33305004495a9","hash":"c72243a6f4c13cdaf4d8c636f2c6dd076568eabd"}
}
